<?xml version="1.0" encoding="UTF-8"?>
<!-- Generated by org.testng.reporters.JUnitReportReporter -->
<testsuite hostname="DESKTOP-7FN93ST" failures="0" tests="1" name="project3.MyTest" time="0.292" errors="0" timestamp="2023-10-23T13:10:02 EET" skipped="0">
  <testcase classname="project3.MyTest" name="myTestOne" time="0.292"/>
  <system-out/>
</testsuite> <!-- project3.MyTest -->
